L 08/24/2021 - 17:08:05: SourceMod error session started
L 08/24/2021 - 17:08:05: Info (map "gunk_stinky_bombs") (file "D:\SteamLibrary\steamapps\common\Left 4 Dead 2\left4dead2\addons\sourcemod\logs\errors_20210824.log")
L 08/24/2021 - 17:08:05: [SM] Failed to load plugin "nextmap.smx": Nextmap is incompatible with this game.
L 08/24/2021 - 17:08:09: [lgofnoc.smx] [Configs] Could not execute server config "addons\sourcemod\..\..\cfg\generalfixes.cfg", file not found
L 08/24/2021 - 17:08:09: [lgofnoc.smx] [Configs] Could not execute server config "addons\sourcemod\..\..\cfg\sharedplugins.cfg", file not found
L 08/24/2021 - 17:08:10: [SM] Exception reported: Failed to setup detour for hDetour_ShotgunReload
L 08/24/2021 - 17:08:10: [SM] Blaming: optional\thcoop\l4d2_ladder_rambos.smx
L 08/24/2021 - 17:08:10: [SM] Call stack trace:
L 08/24/2021 - 17:08:10: [SM]   [0] SetFailState
L 08/24/2021 - 17:08:10: [SM]   [1] Line 99, l4d2_ladder_rambos.sp::OnPluginStart
L 08/24/2021 - 17:08:10: [lgofnoc.smx] [Lgofnoc] CvarSettings: Could not find CVar specified (ai_charge_proximity)
L 08/24/2021 - 17:08:10: [lgofnoc.smx] [Lgofnoc] CvarSettings: Could not find CVar specified (ai_health_threshold_charger)
L 08/24/2021 - 17:08:10: [lgofnoc.smx] [Lgofnoc] CvarSettings: Could not find CVar specified (ai_tank_bhop)
L 08/24/2021 - 17:08:10: [lgofnoc.smx] [Lgofnoc] CvarSettings: Could not find CVar specified (l4d2_heq_no_tank_horde)
L 08/24/2021 - 17:08:10: [lgofnoc.smx] [Lgofnoc] CvarSettings: Could not find CVar specified (l4d2_disable_si_friendly_staggers)
L 08/24/2021 - 17:08:21: Error log file session closed.
L 08/24/2021 - 17:12:16: SourceMod error session started
L 08/24/2021 - 17:12:16: Info (map "gunk_on_the_wagon") (file "D:\SteamLibrary\steamapps\common\Left 4 Dead 2\left4dead2\addons\sourcemod\logs\errors_20210824.log")
L 08/24/2021 - 17:12:16: [lgofnoc.smx] [Configs] Could not execute server config "addons\sourcemod\..\..\cfg\generalfixes.cfg", file not found
L 08/24/2021 - 17:12:16: [lgofnoc.smx] [Configs] Could not execute server config "addons\sourcemod\..\..\cfg\sharedplugins.cfg", file not found
L 08/24/2021 - 17:12:17: [SM] Exception reported: Failed to setup detour for hDetour_ShotgunReload
L 08/24/2021 - 17:12:17: [SM] Blaming: optional\thcoop\l4d2_ladder_rambos.smx
L 08/24/2021 - 17:12:17: [SM] Call stack trace:
L 08/24/2021 - 17:12:17: [SM]   [0] SetFailState
L 08/24/2021 - 17:12:17: [SM]   [1] Line 99, l4d2_ladder_rambos.sp::OnPluginStart
L 08/24/2021 - 17:12:17: [lgofnoc.smx] [Lgofnoc] CvarSettings: Could not find CVar specified (ai_charge_proximity)
L 08/24/2021 - 17:12:17: [lgofnoc.smx] [Lgofnoc] CvarSettings: Could not find CVar specified (ai_health_threshold_charger)
L 08/24/2021 - 17:12:17: [lgofnoc.smx] [Lgofnoc] CvarSettings: Could not find CVar specified (ai_tank_bhop)
L 08/24/2021 - 17:12:17: [lgofnoc.smx] [Lgofnoc] CvarSettings: Could not find CVar specified (l4d2_heq_no_tank_horde)
L 08/24/2021 - 17:12:17: [lgofnoc.smx] [Lgofnoc] CvarSettings: Could not find CVar specified (l4d2_disable_si_friendly_staggers)
L 08/24/2021 - 17:12:24: Error log file session closed.
L 08/24/2021 - 17:16:21: SourceMod error session started
L 08/24/2021 - 17:16:21: Info (map "gunk_on_the_wagon") (file "D:\SteamLibrary\steamapps\common\Left 4 Dead 2\left4dead2\addons\sourcemod\logs\errors_20210824.log")
L 08/24/2021 - 17:16:21: [lgofnoc.smx] [Configs] Could not execute server config "addons\sourcemod\..\..\cfg\generalfixes.cfg", file not found
L 08/24/2021 - 17:16:21: [lgofnoc.smx] [Configs] Could not execute server config "addons\sourcemod\..\..\cfg\sharedplugins.cfg", file not found
L 08/24/2021 - 17:16:23: [SM] Exception reported: Failed to setup detour for hDetour_ShotgunReload
L 08/24/2021 - 17:16:23: [SM] Blaming: optional\thcoop\l4d2_ladder_rambos.smx
L 08/24/2021 - 17:16:23: [SM] Call stack trace:
L 08/24/2021 - 17:16:23: [SM]   [0] SetFailState
L 08/24/2021 - 17:16:23: [SM]   [1] Line 99, l4d2_ladder_rambos.sp::OnPluginStart
L 08/24/2021 - 17:16:23: [lgofnoc.smx] [Lgofnoc] CvarSettings: Could not find CVar specified (ai_charge_proximity)
L 08/24/2021 - 17:16:23: [lgofnoc.smx] [Lgofnoc] CvarSettings: Could not find CVar specified (ai_health_threshold_charger)
L 08/24/2021 - 17:16:23: [lgofnoc.smx] [Lgofnoc] CvarSettings: Could not find CVar specified (ai_tank_bhop)
L 08/24/2021 - 17:16:23: [lgofnoc.smx] [Lgofnoc] CvarSettings: Could not find CVar specified (l4d2_heq_no_tank_horde)
L 08/24/2021 - 17:16:23: [lgofnoc.smx] [Lgofnoc] CvarSettings: Could not find CVar specified (l4d2_disable_si_friendly_staggers)
L 08/24/2021 - 17:16:30: Error log file session closed.
L 08/24/2021 - 17:26:30: SourceMod error session started
L 08/24/2021 - 17:26:30: Info (map "gunk_on_the_wagon") (file "D:\SteamLibrary\steamapps\common\Left 4 Dead 2\left4dead2\addons\sourcemod\logs\errors_20210824.log")
L 08/24/2021 - 17:26:30: [SM] Failed to load plugin "nextmap.smx": Nextmap is incompatible with this game.
L 08/24/2021 - 17:26:33: [lgofnoc.smx] [Configs] Could not execute server config "addons\sourcemod\..\..\cfg\generalfixes.cfg", file not found
L 08/24/2021 - 17:26:33: [lgofnoc.smx] [Configs] Could not execute server config "addons\sourcemod\..\..\cfg\sharedplugins.cfg", file not found
L 08/24/2021 - 17:26:35: [SM] Exception reported: Failed to setup detour for hDetour_ShotgunReload
L 08/24/2021 - 17:26:35: [SM] Blaming: optional\thcoop\l4d2_ladder_rambos.smx
L 08/24/2021 - 17:26:35: [SM] Call stack trace:
L 08/24/2021 - 17:26:35: [SM]   [0] SetFailState
L 08/24/2021 - 17:26:35: [SM]   [1] Line 99, l4d2_ladder_rambos.sp::OnPluginStart
L 08/24/2021 - 17:26:35: [lgofnoc.smx] [Lgofnoc] CvarSettings: Could not find CVar specified (ai_charge_proximity)
L 08/24/2021 - 17:26:35: [lgofnoc.smx] [Lgofnoc] CvarSettings: Could not find CVar specified (ai_health_threshold_charger)
L 08/24/2021 - 17:26:35: [lgofnoc.smx] [Lgofnoc] CvarSettings: Could not find CVar specified (ai_tank_bhop)
L 08/24/2021 - 17:26:35: [lgofnoc.smx] [Lgofnoc] CvarSettings: Could not find CVar specified (l4d2_heq_no_tank_horde)
L 08/24/2021 - 17:26:35: [lgofnoc.smx] [Lgofnoc] CvarSettings: Could not find CVar specified (l4d2_disable_si_friendly_staggers)
L 08/24/2021 - 17:26:45: Error log file session closed.
L 08/24/2021 - 17:27:53: SourceMod error session started
L 08/24/2021 - 17:27:53: Info (map "gunk_on_the_wagon") (file "D:\SteamLibrary\steamapps\common\Left 4 Dead 2\left4dead2\addons\sourcemod\logs\errors_20210824.log")
L 08/24/2021 - 17:27:53: [lgofnoc.smx] [Configs] Could not execute server config "addons\sourcemod\..\..\cfg\generalfixes.cfg", file not found
L 08/24/2021 - 17:27:53: [lgofnoc.smx] [Configs] Could not execute server config "addons\sourcemod\..\..\cfg\sharedplugins.cfg", file not found
L 08/24/2021 - 17:27:54: [SM] Exception reported: Failed to setup detour for hDetour_ShotgunReload
L 08/24/2021 - 17:27:54: [SM] Blaming: optional\thcoop\l4d2_ladder_rambos.smx
L 08/24/2021 - 17:27:54: [SM] Call stack trace:
L 08/24/2021 - 17:27:54: [SM]   [0] SetFailState
L 08/24/2021 - 17:27:54: [SM]   [1] Line 99, l4d2_ladder_rambos.sp::OnPluginStart
L 08/24/2021 - 17:27:54: [lgofnoc.smx] [Lgofnoc] CvarSettings: Could not find CVar specified (ai_charge_proximity)
L 08/24/2021 - 17:27:54: [lgofnoc.smx] [Lgofnoc] CvarSettings: Could not find CVar specified (ai_health_threshold_charger)
L 08/24/2021 - 17:27:54: [lgofnoc.smx] [Lgofnoc] CvarSettings: Could not find CVar specified (ai_tank_bhop)
L 08/24/2021 - 17:27:54: [lgofnoc.smx] [Lgofnoc] CvarSettings: Could not find CVar specified (l4d2_heq_no_tank_horde)
L 08/24/2021 - 17:27:54: [lgofnoc.smx] [Lgofnoc] CvarSettings: Could not find CVar specified (l4d2_disable_si_friendly_staggers)
L 08/24/2021 - 17:28:02: Error log file session closed.
L 08/24/2021 - 17:34:27: SourceMod error session started
L 08/24/2021 - 17:34:27: Info (map "gunk_wicked_dead") (file "D:\SteamLibrary\steamapps\common\Left 4 Dead 2\left4dead2\addons\sourcemod\logs\errors_20210824.log")
L 08/24/2021 - 17:34:27: [SM] Exception reported: Client index 0 is invalid
L 08/24/2021 - 17:34:27: [SM] Blaming: optional\thcoop\l4d_ff_tracker.smx
L 08/24/2021 - 17:34:27: [SM] Call stack trace:
L 08/24/2021 - 17:34:27: [SM]   [0] IsClientConnected
L 08/24/2021 - 17:34:27: [SM]   [1] Line 665, F:\################backups\ok\scripting_1.7\l4d_ff_tracker.sp::Event_player_death
L 08/24/2021 - 17:34:27: [SM] Exception reported: Client index 0 is invalid
L 08/24/2021 - 17:34:27: [SM] Blaming: optional\thcoop\l4d_ff_tracker.smx
L 08/24/2021 - 17:34:27: [SM] Call stack trace:
L 08/24/2021 - 17:34:27: [SM]   [0] IsClientConnected
L 08/24/2021 - 17:34:27: [SM]   [1] Line 665, F:\################backups\ok\scripting_1.7\l4d_ff_tracker.sp::Event_player_death
L 08/24/2021 - 17:34:29: [SM] Exception reported: Client index 0 is invalid
L 08/24/2021 - 17:34:29: [SM] Blaming: optional\thcoop\l4d_ff_tracker.smx
L 08/24/2021 - 17:34:29: [SM] Call stack trace:
L 08/24/2021 - 17:34:29: [SM]   [0] IsClientConnected
L 08/24/2021 - 17:34:29: [SM]   [1] Line 665, F:\################backups\ok\scripting_1.7\l4d_ff_tracker.sp::Event_player_death
L 08/24/2021 - 17:35:25: [SM] Error parsing gameconfig file "D:\SteamLibrary\steamapps\common\Left 4 Dead 2\left4dead2\addons\sourcemod\gamedata\l4d2_direct.txt":
L 08/24/2021 - 17:35:25: [SM] Error 1 on line 0, col 0: Stream failed to open
L 08/24/2021 - 17:35:25: [SM] Exception reported: Unable to open l4d2_direct: File could not be opened: The system cannot find the file specified.

L 08/24/2021 - 17:35:25: [SM] Blaming: optional\thcoop\l4d2_skill_detect.smx
L 08/24/2021 - 17:35:25: [SM] Call stack trace:
L 08/24/2021 - 17:35:25: [SM]   [0] LoadGameConfigFile
L 08/24/2021 - 17:35:25: [SM]   [1] Line 51, C:\Users\Sir\Documents\THE MAP\New Scripting\include\l4d2d_internals.inc::L4D2Direct_GetGameConf
L 08/24/2021 - 17:35:25: [SM]   [2] Line 699, C:\Users\Sir\Documents\THE MAP\New Scripting\include\l4d2_direct.inc::L4D2Direct_GetFlowDistance
L 08/24/2021 - 17:35:25: [SM]   [3] Line 3044, C:\Users\Sir\Documents\THE MAP\New Scripting\l4d2_skill_detect.sp::GetSurvivorDistance
L 08/24/2021 - 17:35:25: [SM]   [4] Line 960, C:\Users\Sir\Documents\THE MAP\New Scripting\l4d2_skill_detect.sp::Event_IncapStart
L 08/24/2021 - 17:37:34: [SM] Exception reported: Failed to setup detour for hDetour_ShotgunReload
L 08/24/2021 - 17:37:34: [SM] Blaming: optional\thcoop\l4d2_ladder_rambos.smx
L 08/24/2021 - 17:37:34: [SM] Call stack trace:
L 08/24/2021 - 17:37:34: [SM]   [0] SetFailState
L 08/24/2021 - 17:37:34: [SM]   [1] Line 99, l4d2_ladder_rambos.sp::OnPluginStart
L 08/24/2021 - 17:44:43: [SM] Exception reported: Client index 0 is invalid
L 08/24/2021 - 17:44:43: [SM] Blaming: optional\thcoop\l4d_ff_tracker.smx
L 08/24/2021 - 17:44:43: [SM] Call stack trace:
L 08/24/2021 - 17:44:43: [SM]   [0] IsClientConnected
L 08/24/2021 - 17:44:43: [SM]   [1] Line 665, F:\################backups\ok\scripting_1.7\l4d_ff_tracker.sp::Event_player_death
L 08/24/2021 - 17:46:52: Error log file session closed.
