L 08/24/2021 - 17:08:09: SourceMod log file session started (file "D:\SteamLibrary\steamapps\common\Left 4 Dead 2\left4dead2\addons\sourcemod\logs\L20210824.log") (Version "1.10.0.6510")
L 08/24/2021 - 17:08:09: [basecommands.smx] "Console<0><Console><Console>" changed cvar (cvar "sv_region") (value "4")
L 08/24/2021 - 17:08:09: [basecommands.smx] "Console<0><Console><Console>" changed cvar (cvar "sv_visiblemaxplayers") (value "12")
L 08/24/2021 - 17:08:09: [basecommands.smx] "Console<0><Console><Console>" changed cvar (cvar "sv_maxplayers") (value "12")
L 08/24/2021 - 17:08:09: [basecommands.smx] "Console<0><Console><Console>" changed cvar (cvar "fps_max") (value "300")
L 08/24/2021 - 17:08:09: [basecommands.smx] "Console<0><Console><Console>" changed cvar (cvar "sv_minrate") (value "100000")
L 08/24/2021 - 17:08:09: [basecommands.smx] "Console<0><Console><Console>" changed cvar (cvar "sv_maxrate") (value "100000")
L 08/24/2021 - 17:08:09: [basecommands.smx] "Console<0><Console><Console>" changed cvar (cvar "sv_minupdaterate") (value "100")
L 08/24/2021 - 17:08:09: [basecommands.smx] "Console<0><Console><Console>" changed cvar (cvar "sv_maxupdaterate") (value "100")
L 08/24/2021 - 17:08:09: [basecommands.smx] "Console<0><Console><Console>" changed cvar (cvar "sv_mincmdrate") (value "100")
L 08/24/2021 - 17:08:09: [basecommands.smx] "Console<0><Console><Console>" changed cvar (cvar "sv_maxcmdrate") (value "100")
L 08/24/2021 - 17:08:09: [basecommands.smx] "Console<0><Console><Console>" changed cvar (cvar "nb_update_frequency") (value "0.01")
L 08/24/2021 - 17:08:09: [basecommands.smx] "Console<0><Console><Console>" changed cvar (cvar "net_splitpacket_maxrate") (value "50000")
L 08/24/2021 - 17:08:09: [basecommands.smx] "Console<0><Console><Console>" changed cvar (cvar "sv_client_min_interp_ratio") (value "-1")
L 08/24/2021 - 17:08:09: [basecommands.smx] "Console<0><Console><Console>" changed cvar (cvar "sv_client_max_interp_ratio") (value "-1")
L 08/24/2021 - 17:08:09: [basecommands.smx] "Console<0><Console><Console>" changed cvar (cvar "tick_door_speed") (value "1.3")
L 08/24/2021 - 17:08:10: [GEOIP] GeoIP database info: GEO-106FREE 20180327 Build 1 Copyright (c) 2018 MaxMind Inc All Rights Reserved
L 08/24/2021 - 17:08:10: [GEOIPCITY] GeoIPCity database info: GeoLite2 City 20210706
L 08/24/2021 - 17:08:17: [optional\thcoop\l4d_ff_tracker.smx] Detected client Nick with authenciation BOT
L 08/24/2021 - 17:08:17: [optional\thcoop\l4d_ff_tracker.smx] Detected client Ellis with authenciation BOT
L 08/24/2021 - 17:08:17: [optional\thcoop\l4d_ff_tracker.smx] Detected client Coach with authenciation BOT
L 08/24/2021 - 17:08:19: [SM] Changed map to "gunk_stinky_bombs"
L 08/24/2021 - 17:08:21: -------- Mapchange to gunk_stinky_bombs --------
L 08/24/2021 - 17:08:24: [basecommands.smx] "Console<0><Console><Console>" changed cvar (cvar "sv_region") (value "4")
L 08/24/2021 - 17:08:24: [basecommands.smx] "Console<0><Console><Console>" changed cvar (cvar "sv_visiblemaxplayers") (value "12")
L 08/24/2021 - 17:08:24: [basecommands.smx] "Console<0><Console><Console>" changed cvar (cvar "sv_maxplayers") (value "12")
L 08/24/2021 - 17:08:24: [basecommands.smx] "Console<0><Console><Console>" changed cvar (cvar "fps_max") (value "300")
L 08/24/2021 - 17:08:24: [basecommands.smx] "Console<0><Console><Console>" changed cvar (cvar "sv_minrate") (value "100000")
L 08/24/2021 - 17:08:24: [basecommands.smx] "Console<0><Console><Console>" changed cvar (cvar "sv_maxrate") (value "100000")
L 08/24/2021 - 17:08:24: [basecommands.smx] "Console<0><Console><Console>" changed cvar (cvar "sv_minupdaterate") (value "100")
L 08/24/2021 - 17:08:24: [basecommands.smx] "Console<0><Console><Console>" changed cvar (cvar "sv_maxupdaterate") (value "100")
L 08/24/2021 - 17:08:24: [basecommands.smx] "Console<0><Console><Console>" changed cvar (cvar "sv_mincmdrate") (value "100")
L 08/24/2021 - 17:08:24: [basecommands.smx] "Console<0><Console><Console>" changed cvar (cvar "sv_maxcmdrate") (value "100")
L 08/24/2021 - 17:08:24: [basecommands.smx] "Console<0><Console><Console>" changed cvar (cvar "nb_update_frequency") (value "0.01")
L 08/24/2021 - 17:08:24: [basecommands.smx] "Console<0><Console><Console>" changed cvar (cvar "net_splitpacket_maxrate") (value "50000")
L 08/24/2021 - 17:08:24: [basecommands.smx] "Console<0><Console><Console>" changed cvar (cvar "sv_client_min_interp_ratio") (value "-1")
L 08/24/2021 - 17:08:24: [basecommands.smx] "Console<0><Console><Console>" changed cvar (cvar "sv_client_max_interp_ratio") (value "-1")
L 08/24/2021 - 17:08:24: [basecommands.smx] "Console<0><Console><Console>" changed cvar (cvar "tick_door_speed") (value "1.3")
L 08/24/2021 - 17:08:27: [optional\thcoop\l4d_ff_tracker.smx] Detected client Coach with authenciation BOT
L 08/24/2021 - 17:08:27: [optional\thcoop\l4d_ff_tracker.smx] Detected client Ellis with authenciation BOT
L 08/24/2021 - 17:08:27: [optional\thcoop\l4d_ff_tracker.smx] Detected client Nick with authenciation BOT
L 08/24/2021 - 17:08:28: [basecommands.smx] "Console<0><Console><Console>" changed cvar (cvar "sv_maxplayers") (value "4")
L 08/24/2021 - 17:08:28: [basecommands.smx] "Console<0><Console><Console>" changed cvar (cvar "sv_visiblemaxplayers") (value "4")
L 08/24/2021 - 17:08:49: [optional\thcoop\l4d_ff_tracker.smx] Detected client Tabing010102 with authenciation STEAM_1:1:161269086
L 08/24/2021 - 17:10:33: [optional\thcoop\l4d_ff_tracker.smx] Detected client Rochelle with authenciation BOT
L 08/24/2021 - 17:10:54: -------- Mapchange to gunk_on_the_wagon --------
L 08/24/2021 - 17:10:57: [basecommands.smx] "Console<0><Console><Console>" changed cvar (cvar "sv_region") (value "4")
L 08/24/2021 - 17:10:57: [basecommands.smx] "Console<0><Console><Console>" changed cvar (cvar "sv_visiblemaxplayers") (value "12")
L 08/24/2021 - 17:10:57: [basecommands.smx] "Console<0><Console><Console>" changed cvar (cvar "sv_maxplayers") (value "12")
L 08/24/2021 - 17:10:57: [basecommands.smx] "Console<0><Console><Console>" changed cvar (cvar "sv_minrate") (value "100000")
L 08/24/2021 - 17:10:57: [basecommands.smx] "Console<0><Console><Console>" changed cvar (cvar "sv_maxrate") (value "100000")
L 08/24/2021 - 17:10:57: [basecommands.smx] "Console<0><Console><Console>" changed cvar (cvar "sv_minupdaterate") (value "100")
L 08/24/2021 - 17:10:57: [basecommands.smx] "Console<0><Console><Console>" changed cvar (cvar "sv_maxupdaterate") (value "100")
L 08/24/2021 - 17:10:57: [basecommands.smx] "Console<0><Console><Console>" changed cvar (cvar "sv_mincmdrate") (value "100")
L 08/24/2021 - 17:10:57: [basecommands.smx] "Console<0><Console><Console>" changed cvar (cvar "sv_maxcmdrate") (value "100")
L 08/24/2021 - 17:10:57: [basecommands.smx] "Console<0><Console><Console>" changed cvar (cvar "nb_update_frequency") (value "0.01")
L 08/24/2021 - 17:10:57: [basecommands.smx] "Console<0><Console><Console>" changed cvar (cvar "net_splitpacket_maxrate") (value "50000")
L 08/24/2021 - 17:10:57: [basecommands.smx] "Console<0><Console><Console>" changed cvar (cvar "sv_client_min_interp_ratio") (value "-1")
L 08/24/2021 - 17:10:57: [basecommands.smx] "Console<0><Console><Console>" changed cvar (cvar "sv_client_max_interp_ratio") (value "-1")
L 08/24/2021 - 17:10:57: [basecommands.smx] "Console<0><Console><Console>" changed cvar (cvar "tick_door_speed") (value "1.3")
L 08/24/2021 - 17:11:01: [basecommands.smx] "Console<0><Console><Console>" changed cvar (cvar "sv_maxplayers") (value "12")
L 08/24/2021 - 17:11:01: [basecommands.smx] "Console<0><Console><Console>" changed cvar (cvar "sv_visiblemaxplayers") (value "12")
L 08/24/2021 - 17:11:04: [optional\thcoop\l4d_ff_tracker.smx] Detected client Ellis with authenciation BOT
L 08/24/2021 - 17:11:04: [optional\thcoop\l4d_ff_tracker.smx] Detected client Rochelle with authenciation BOT
L 08/24/2021 - 17:11:04: [optional\thcoop\l4d_ff_tracker.smx] Detected client Coach with authenciation BOT
L 08/24/2021 - 17:11:07: [optional\thcoop\l4d_ff_tracker.smx] Detected client Tabing010102 with authenciation STEAM_1:1:161269086
L 08/24/2021 - 17:11:30: [basecommands.smx] "Console<0><Console><Console>" changed cvar (cvar "sv_region") (value "4")
L 08/24/2021 - 17:11:30: [basecommands.smx] "Console<0><Console><Console>" changed cvar (cvar "sv_visiblemaxplayers") (value "12")
L 08/24/2021 - 17:11:30: [basecommands.smx] "Console<0><Console><Console>" changed cvar (cvar "sv_maxplayers") (value "12")
L 08/24/2021 - 17:11:30: [basecommands.smx] "Console<0><Console><Console>" changed cvar (cvar "sv_minrate") (value "100000")
L 08/24/2021 - 17:11:30: [basecommands.smx] "Console<0><Console><Console>" changed cvar (cvar "sv_maxrate") (value "100000")
L 08/24/2021 - 17:11:30: [basecommands.smx] "Console<0><Console><Console>" changed cvar (cvar "sv_minupdaterate") (value "100")
L 08/24/2021 - 17:11:30: [basecommands.smx] "Console<0><Console><Console>" changed cvar (cvar "sv_maxupdaterate") (value "100")
L 08/24/2021 - 17:11:30: [basecommands.smx] "Console<0><Console><Console>" changed cvar (cvar "sv_mincmdrate") (value "100")
L 08/24/2021 - 17:11:30: [basecommands.smx] "Console<0><Console><Console>" changed cvar (cvar "sv_maxcmdrate") (value "100")
L 08/24/2021 - 17:11:30: [basecommands.smx] "Console<0><Console><Console>" changed cvar (cvar "nb_update_frequency") (value "0.01")
L 08/24/2021 - 17:11:30: [basecommands.smx] "Console<0><Console><Console>" changed cvar (cvar "net_splitpacket_maxrate") (value "50000")
L 08/24/2021 - 17:11:30: [basecommands.smx] "Console<0><Console><Console>" changed cvar (cvar "sv_client_min_interp_ratio") (value "-1")
L 08/24/2021 - 17:11:30: [basecommands.smx] "Console<0><Console><Console>" changed cvar (cvar "sv_client_max_interp_ratio") (value "-1")
L 08/24/2021 - 17:11:30: [basecommands.smx] "Console<0><Console><Console>" changed cvar (cvar "tick_door_speed") (value "1.3")
L 08/24/2021 - 17:11:52: [basecommands.smx] "Console<0><Console><Console>" changed cvar (cvar "sv_region") (value "4")
L 08/24/2021 - 17:11:52: [basecommands.smx] "Console<0><Console><Console>" changed cvar (cvar "sv_visiblemaxplayers") (value "12")
L 08/24/2021 - 17:11:52: [basecommands.smx] "Console<0><Console><Console>" changed cvar (cvar "sv_maxplayers") (value "12")
L 08/24/2021 - 17:11:52: [basecommands.smx] "Console<0><Console><Console>" changed cvar (cvar "sv_minrate") (value "100000")
L 08/24/2021 - 17:11:52: [basecommands.smx] "Console<0><Console><Console>" changed cvar (cvar "sv_maxrate") (value "100000")
L 08/24/2021 - 17:11:52: [basecommands.smx] "Console<0><Console><Console>" changed cvar (cvar "sv_minupdaterate") (value "100")
L 08/24/2021 - 17:11:52: [basecommands.smx] "Console<0><Console><Console>" changed cvar (cvar "sv_maxupdaterate") (value "100")
L 08/24/2021 - 17:11:52: [basecommands.smx] "Console<0><Console><Console>" changed cvar (cvar "sv_mincmdrate") (value "100")
L 08/24/2021 - 17:11:52: [basecommands.smx] "Console<0><Console><Console>" changed cvar (cvar "sv_maxcmdrate") (value "100")
L 08/24/2021 - 17:11:52: [basecommands.smx] "Console<0><Console><Console>" changed cvar (cvar "nb_update_frequency") (value "0.01")
L 08/24/2021 - 17:11:52: [basecommands.smx] "Console<0><Console><Console>" changed cvar (cvar "net_splitpacket_maxrate") (value "50000")
L 08/24/2021 - 17:11:52: [basecommands.smx] "Console<0><Console><Console>" changed cvar (cvar "sv_client_min_interp_ratio") (value "-1")
L 08/24/2021 - 17:11:52: [basecommands.smx] "Console<0><Console><Console>" changed cvar (cvar "sv_client_max_interp_ratio") (value "-1")
L 08/24/2021 - 17:11:52: [basecommands.smx] "Console<0><Console><Console>" changed cvar (cvar "tick_door_speed") (value "1.3")
L 08/24/2021 - 17:12:06: [basecommands.smx] "Console<0><Console><Console>" changed cvar (cvar "z_common_limit") (value "30")
L 08/24/2021 - 17:12:22: [SM] Changed map to "gunk_on_the_wagon"
L 08/24/2021 - 17:12:24: -------- Mapchange to gunk_on_the_wagon --------
L 08/24/2021 - 17:12:27: [basecommands.smx] "Console<0><Console><Console>" changed cvar (cvar "sv_region") (value "4")
L 08/24/2021 - 17:12:27: [basecommands.smx] "Console<0><Console><Console>" changed cvar (cvar "sv_visiblemaxplayers") (value "12")
L 08/24/2021 - 17:12:27: [basecommands.smx] "Console<0><Console><Console>" changed cvar (cvar "sv_maxplayers") (value "12")
L 08/24/2021 - 17:12:27: [basecommands.smx] "Console<0><Console><Console>" changed cvar (cvar "sv_minrate") (value "100000")
L 08/24/2021 - 17:12:27: [basecommands.smx] "Console<0><Console><Console>" changed cvar (cvar "sv_maxrate") (value "100000")
L 08/24/2021 - 17:12:27: [basecommands.smx] "Console<0><Console><Console>" changed cvar (cvar "sv_minupdaterate") (value "100")
L 08/24/2021 - 17:12:27: [basecommands.smx] "Console<0><Console><Console>" changed cvar (cvar "sv_maxupdaterate") (value "100")
L 08/24/2021 - 17:12:27: [basecommands.smx] "Console<0><Console><Console>" changed cvar (cvar "sv_mincmdrate") (value "100")
L 08/24/2021 - 17:12:27: [basecommands.smx] "Console<0><Console><Console>" changed cvar (cvar "sv_maxcmdrate") (value "100")
L 08/24/2021 - 17:12:27: [basecommands.smx] "Console<0><Console><Console>" changed cvar (cvar "nb_update_frequency") (value "0.01")
L 08/24/2021 - 17:12:27: [basecommands.smx] "Console<0><Console><Console>" changed cvar (cvar "net_splitpacket_maxrate") (value "50000")
L 08/24/2021 - 17:12:27: [basecommands.smx] "Console<0><Console><Console>" changed cvar (cvar "sv_client_min_interp_ratio") (value "-1")
L 08/24/2021 - 17:12:27: [basecommands.smx] "Console<0><Console><Console>" changed cvar (cvar "sv_client_max_interp_ratio") (value "-1")
L 08/24/2021 - 17:12:27: [basecommands.smx] "Console<0><Console><Console>" changed cvar (cvar "tick_door_speed") (value "1.3")
L 08/24/2021 - 17:12:27: [optional\thcoop\l4d_ff_tracker.smx] Detected client Tabing010102 with authenciation STEAM_1:1:161269086
L 08/24/2021 - 17:12:31: [optional\thcoop\l4d_ff_tracker.smx] Detected client Coach with authenciation BOT
L 08/24/2021 - 17:12:31: [optional\thcoop\l4d_ff_tracker.smx] Detected client Ellis with authenciation BOT
L 08/24/2021 - 17:12:31: [optional\thcoop\l4d_ff_tracker.smx] Detected client Rochelle with authenciation BOT
L 08/24/2021 - 17:12:31: [basecommands.smx] "Console<0><Console><Console>" changed cvar (cvar "sv_maxplayers") (value "12")
L 08/24/2021 - 17:12:31: [basecommands.smx] "Console<0><Console><Console>" changed cvar (cvar "sv_visiblemaxplayers") (value "12")
L 08/24/2021 - 17:16:13: [basecommands.smx] "Console<0><Console><Console>" changed cvar (cvar "z_common_limit") (value "30")
L 08/24/2021 - 17:16:28: [SM] Changed map to "gunk_on_the_wagon"
L 08/24/2021 - 17:16:30: -------- Mapchange to gunk_on_the_wagon --------
L 08/24/2021 - 17:16:32: [basecommands.smx] "Console<0><Console><Console>" changed cvar (cvar "sv_region") (value "4")
L 08/24/2021 - 17:16:32: [basecommands.smx] "Console<0><Console><Console>" changed cvar (cvar "sv_visiblemaxplayers") (value "12")
L 08/24/2021 - 17:16:32: [basecommands.smx] "Console<0><Console><Console>" changed cvar (cvar "sv_maxplayers") (value "12")
L 08/24/2021 - 17:16:32: [basecommands.smx] "Console<0><Console><Console>" changed cvar (cvar "sv_minrate") (value "100000")
L 08/24/2021 - 17:16:32: [basecommands.smx] "Console<0><Console><Console>" changed cvar (cvar "sv_maxrate") (value "100000")
L 08/24/2021 - 17:16:32: [basecommands.smx] "Console<0><Console><Console>" changed cvar (cvar "sv_minupdaterate") (value "100")
L 08/24/2021 - 17:16:32: [basecommands.smx] "Console<0><Console><Console>" changed cvar (cvar "sv_maxupdaterate") (value "100")
L 08/24/2021 - 17:16:32: [basecommands.smx] "Console<0><Console><Console>" changed cvar (cvar "sv_mincmdrate") (value "100")
L 08/24/2021 - 17:16:32: [basecommands.smx] "Console<0><Console><Console>" changed cvar (cvar "sv_maxcmdrate") (value "100")
L 08/24/2021 - 17:16:32: [basecommands.smx] "Console<0><Console><Console>" changed cvar (cvar "nb_update_frequency") (value "0.01")
L 08/24/2021 - 17:16:32: [basecommands.smx] "Console<0><Console><Console>" changed cvar (cvar "net_splitpacket_maxrate") (value "50000")
L 08/24/2021 - 17:16:32: [basecommands.smx] "Console<0><Console><Console>" changed cvar (cvar "sv_client_min_interp_ratio") (value "-1")
L 08/24/2021 - 17:16:32: [basecommands.smx] "Console<0><Console><Console>" changed cvar (cvar "sv_client_max_interp_ratio") (value "-1")
L 08/24/2021 - 17:16:32: [basecommands.smx] "Console<0><Console><Console>" changed cvar (cvar "tick_door_speed") (value "1.3")
L 08/24/2021 - 17:16:33: [optional\thcoop\l4d_ff_tracker.smx] Detected client Tabing010102 with authenciation STEAM_1:1:161269086
L 08/24/2021 - 17:16:36: [optional\thcoop\l4d_ff_tracker.smx] Detected client Ellis with authenciation BOT
L 08/24/2021 - 17:16:36: [optional\thcoop\l4d_ff_tracker.smx] Detected client Rochelle with authenciation BOT
L 08/24/2021 - 17:16:36: [optional\thcoop\l4d_ff_tracker.smx] Detected client Coach with authenciation BOT
L 08/24/2021 - 17:16:36: [basecommands.smx] "Console<0><Console><Console>" changed cvar (cvar "sv_maxplayers") (value "12")
L 08/24/2021 - 17:16:36: [basecommands.smx] "Console<0><Console><Console>" changed cvar (cvar "sv_visiblemaxplayers") (value "12")
L 08/24/2021 - 17:17:27: [optional\thcoop\l4d_ff_tracker.smx] Detected client Nick with authenciation BOT
L 08/24/2021 - 17:18:18: Log file closed.
L 08/24/2021 - 17:26:33: SourceMod log file session started (file "D:\SteamLibrary\steamapps\common\Left 4 Dead 2\left4dead2\addons\sourcemod\logs\L20210824.log") (Version "1.10.0.6510")
L 08/24/2021 - 17:26:33: [basecommands.smx] "Console<0><Console><Console>" changed cvar (cvar "sv_region") (value "4")
L 08/24/2021 - 17:26:33: [basecommands.smx] "Console<0><Console><Console>" changed cvar (cvar "sv_visiblemaxplayers") (value "12")
L 08/24/2021 - 17:26:33: [basecommands.smx] "Console<0><Console><Console>" changed cvar (cvar "sv_maxplayers") (value "12")
L 08/24/2021 - 17:26:33: [basecommands.smx] "Console<0><Console><Console>" changed cvar (cvar "sv_minrate") (value "100000")
L 08/24/2021 - 17:26:33: [basecommands.smx] "Console<0><Console><Console>" changed cvar (cvar "sv_maxrate") (value "100000")
L 08/24/2021 - 17:26:33: [basecommands.smx] "Console<0><Console><Console>" changed cvar (cvar "sv_minupdaterate") (value "100")
L 08/24/2021 - 17:26:33: [basecommands.smx] "Console<0><Console><Console>" changed cvar (cvar "sv_maxupdaterate") (value "100")
L 08/24/2021 - 17:26:33: [basecommands.smx] "Console<0><Console><Console>" changed cvar (cvar "sv_mincmdrate") (value "100")
L 08/24/2021 - 17:26:33: [basecommands.smx] "Console<0><Console><Console>" changed cvar (cvar "sv_maxcmdrate") (value "100")
L 08/24/2021 - 17:26:33: [basecommands.smx] "Console<0><Console><Console>" changed cvar (cvar "nb_update_frequency") (value "0.01")
L 08/24/2021 - 17:26:33: [basecommands.smx] "Console<0><Console><Console>" changed cvar (cvar "net_splitpacket_maxrate") (value "50000")
L 08/24/2021 - 17:26:33: [basecommands.smx] "Console<0><Console><Console>" changed cvar (cvar "sv_client_min_interp_ratio") (value "-1")
L 08/24/2021 - 17:26:33: [basecommands.smx] "Console<0><Console><Console>" changed cvar (cvar "sv_client_max_interp_ratio") (value "-1")
L 08/24/2021 - 17:26:33: [basecommands.smx] "Console<0><Console><Console>" changed cvar (cvar "tick_door_speed") (value "1.3")
L 08/24/2021 - 17:26:35: [GEOIP] GeoIP database info: GEO-106FREE 20180327 Build 1 Copyright (c) 2018 MaxMind Inc All Rights Reserved
L 08/24/2021 - 17:26:35: [GEOIPCITY] GeoIPCity database info: GeoLite2 City 20210706
L 08/24/2021 - 17:26:39: [optional\thcoop\l4d_ff_tracker.smx] Detected client Tabing010102 with authenciation STEAM_1:1:161269086
L 08/24/2021 - 17:26:42: [optional\thcoop\l4d_ff_tracker.smx] Detected client Ellis with authenciation BOT
L 08/24/2021 - 17:26:42: [optional\thcoop\l4d_ff_tracker.smx] Detected client Nick with authenciation BOT
L 08/24/2021 - 17:26:42: [optional\thcoop\l4d_ff_tracker.smx] Detected client Rochelle with authenciation BOT
L 08/24/2021 - 17:26:43: [SM] Changed map to "gunk_on_the_wagon"
L 08/24/2021 - 17:26:45: -------- Mapchange to gunk_on_the_wagon --------
L 08/24/2021 - 17:26:47: [basecommands.smx] "Console<0><Console><Console>" changed cvar (cvar "sv_region") (value "4")
L 08/24/2021 - 17:26:47: [basecommands.smx] "Console<0><Console><Console>" changed cvar (cvar "sv_visiblemaxplayers") (value "12")
L 08/24/2021 - 17:26:47: [basecommands.smx] "Console<0><Console><Console>" changed cvar (cvar "sv_maxplayers") (value "12")
L 08/24/2021 - 17:26:47: [basecommands.smx] "Console<0><Console><Console>" changed cvar (cvar "sv_minrate") (value "100000")
L 08/24/2021 - 17:26:47: [basecommands.smx] "Console<0><Console><Console>" changed cvar (cvar "sv_maxrate") (value "100000")
L 08/24/2021 - 17:26:47: [basecommands.smx] "Console<0><Console><Console>" changed cvar (cvar "sv_minupdaterate") (value "100")
L 08/24/2021 - 17:26:47: [basecommands.smx] "Console<0><Console><Console>" changed cvar (cvar "sv_maxupdaterate") (value "100")
L 08/24/2021 - 17:26:47: [basecommands.smx] "Console<0><Console><Console>" changed cvar (cvar "sv_mincmdrate") (value "100")
L 08/24/2021 - 17:26:47: [basecommands.smx] "Console<0><Console><Console>" changed cvar (cvar "sv_maxcmdrate") (value "100")
L 08/24/2021 - 17:26:47: [basecommands.smx] "Console<0><Console><Console>" changed cvar (cvar "nb_update_frequency") (value "0.01")
L 08/24/2021 - 17:26:47: [basecommands.smx] "Console<0><Console><Console>" changed cvar (cvar "net_splitpacket_maxrate") (value "50000")
L 08/24/2021 - 17:26:47: [basecommands.smx] "Console<0><Console><Console>" changed cvar (cvar "sv_client_min_interp_ratio") (value "-1")
L 08/24/2021 - 17:26:47: [basecommands.smx] "Console<0><Console><Console>" changed cvar (cvar "sv_client_max_interp_ratio") (value "-1")
L 08/24/2021 - 17:26:47: [basecommands.smx] "Console<0><Console><Console>" changed cvar (cvar "tick_door_speed") (value "1.3")
L 08/24/2021 - 17:26:48: [optional\thcoop\l4d_ff_tracker.smx] Detected client Tabing010102 with authenciation STEAM_1:1:161269086
L 08/24/2021 - 17:26:51: [optional\thcoop\l4d_ff_tracker.smx] Detected client Ellis with authenciation BOT
L 08/24/2021 - 17:26:51: [optional\thcoop\l4d_ff_tracker.smx] Detected client Nick with authenciation BOT
L 08/24/2021 - 17:26:51: [optional\thcoop\l4d_ff_tracker.smx] Detected client Rochelle with authenciation BOT
L 08/24/2021 - 17:26:52: [basecommands.smx] "Console<0><Console><Console>" changed cvar (cvar "sv_maxplayers") (value "4")
L 08/24/2021 - 17:26:52: [basecommands.smx] "Console<0><Console><Console>" changed cvar (cvar "sv_visiblemaxplayers") (value "4")
L 08/24/2021 - 17:27:21: [optional\thcoop\all4dead2.smx] [提示]: (Tabing010102<2><STEAM_1:1:161269086><>) 创建 zombie
L 08/24/2021 - 17:27:21: [optional\thcoop\all4dead2.smx] [提示]: (Tabing010102<2><STEAM_1:1:161269086><>) 创建 zombie
L 08/24/2021 - 17:27:41: [basecommands.smx] "Console<0><Console><Console>" changed cvar (cvar "z_common_limit") (value "30")
L 08/24/2021 - 17:27:59: [SM] Changed map to "gunk_on_the_wagon"
L 08/24/2021 - 17:28:02: -------- Mapchange to gunk_on_the_wagon --------
L 08/24/2021 - 17:28:04: [basecommands.smx] "Console<0><Console><Console>" changed cvar (cvar "sv_region") (value "4")
L 08/24/2021 - 17:28:04: [basecommands.smx] "Console<0><Console><Console>" changed cvar (cvar "sv_visiblemaxplayers") (value "12")
L 08/24/2021 - 17:28:04: [basecommands.smx] "Console<0><Console><Console>" changed cvar (cvar "sv_maxplayers") (value "12")
L 08/24/2021 - 17:28:04: [basecommands.smx] "Console<0><Console><Console>" changed cvar (cvar "sv_minrate") (value "100000")
L 08/24/2021 - 17:28:04: [basecommands.smx] "Console<0><Console><Console>" changed cvar (cvar "sv_maxrate") (value "100000")
L 08/24/2021 - 17:28:04: [basecommands.smx] "Console<0><Console><Console>" changed cvar (cvar "sv_minupdaterate") (value "100")
L 08/24/2021 - 17:28:04: [basecommands.smx] "Console<0><Console><Console>" changed cvar (cvar "sv_maxupdaterate") (value "100")
L 08/24/2021 - 17:28:04: [basecommands.smx] "Console<0><Console><Console>" changed cvar (cvar "sv_mincmdrate") (value "100")
L 08/24/2021 - 17:28:04: [basecommands.smx] "Console<0><Console><Console>" changed cvar (cvar "sv_maxcmdrate") (value "100")
L 08/24/2021 - 17:28:04: [basecommands.smx] "Console<0><Console><Console>" changed cvar (cvar "nb_update_frequency") (value "0.01")
L 08/24/2021 - 17:28:04: [basecommands.smx] "Console<0><Console><Console>" changed cvar (cvar "net_splitpacket_maxrate") (value "50000")
L 08/24/2021 - 17:28:04: [basecommands.smx] "Console<0><Console><Console>" changed cvar (cvar "sv_client_min_interp_ratio") (value "-1")
L 08/24/2021 - 17:28:04: [basecommands.smx] "Console<0><Console><Console>" changed cvar (cvar "sv_client_max_interp_ratio") (value "-1")
L 08/24/2021 - 17:28:04: [basecommands.smx] "Console<0><Console><Console>" changed cvar (cvar "tick_door_speed") (value "1.3")
L 08/24/2021 - 17:28:04: [optional\thcoop\l4d_ff_tracker.smx] Detected client Tabing010102 with authenciation STEAM_1:1:161269086
L 08/24/2021 - 17:28:08: [optional\thcoop\l4d_ff_tracker.smx] Detected client Ellis with authenciation BOT
L 08/24/2021 - 17:28:08: [optional\thcoop\l4d_ff_tracker.smx] Detected client Nick with authenciation BOT
L 08/24/2021 - 17:28:08: [optional\thcoop\l4d_ff_tracker.smx] Detected client Rochelle with authenciation BOT
L 08/24/2021 - 17:28:08: [basecommands.smx] "Console<0><Console><Console>" changed cvar (cvar "sv_maxplayers") (value "12")
L 08/24/2021 - 17:28:08: [basecommands.smx] "Console<0><Console><Console>" changed cvar (cvar "sv_visiblemaxplayers") (value "12")
L 08/24/2021 - 17:28:51: [optional\thcoop\all4dead2.smx] [提示]: (Tabing010102<2><STEAM_1:1:161269086><>) 创建 pumpshotgun
L 08/24/2021 - 17:29:35: [optional\thcoop\l4d_ff_tracker.smx] Detected client Smoker with authenciation BOT
L 08/24/2021 - 17:29:36: [optional\thcoop\l4d_ff_tracker.smx] Detected client Tank with authenciation BOT
L 08/24/2021 - 17:29:36: [optional\thcoop\l4d_ff_tracker.smx] Detected client (1)Tank with authenciation BOT
L 08/24/2021 - 17:30:08: [optional\thcoop\l4d_ff_tracker.smx] Detected client (1)Smoker with authenciation BOT
L 08/24/2021 - 17:30:08: [optional\thcoop\l4d_ff_tracker.smx] Detected client (2)Smoker with authenciation BOT
L 08/24/2021 - 17:30:10: [optional\thcoop\l4d2_skill_detect.smx] Clear: 1 freed 1 from 6: time: -1.00 / 0.22 -- class: smoker (with shove? 0)
L 08/24/2021 - 17:30:36: [optional\thcoop\l4d_ff_tracker.smx] Detected client Smoker with authenciation BOT
L 08/24/2021 - 17:30:36: [optional\thcoop\l4d_ff_tracker.smx] Detected client (1)Smoker with authenciation BOT
L 08/24/2021 - 17:30:40: [optional\thcoop\l4d2_skill_detect.smx] Clear: 4 freed 1 from 5: time: -1.00 / 0.05 -- class: smoker (with shove? 0)
L 08/24/2021 - 17:30:48: [optional\thcoop\l4d_ff_tracker.smx] Detected client Boomer with authenciation BOT
L 08/24/2021 - 17:30:48: [optional\thcoop\l4d_ff_tracker.smx] Detected client Jockey with authenciation BOT
L 08/24/2021 - 17:30:48: [optional\thcoop\l4d_ff_tracker.smx] Detected client Charger with authenciation BOT
L 08/24/2021 - 17:30:48: [optional\thcoop\l4d_ff_tracker.smx] Detected client Spitter with authenciation BOT
L 08/24/2021 - 17:30:48: [optional\thcoop\l4d_ff_tracker.smx] Detected client Hunter with authenciation BOT
L 08/24/2021 - 17:30:53: [optional\thcoop\l4d_ff_tracker.smx] Detected client Hunter with authenciation BOT
L 08/24/2021 - 17:30:53: [optional\thcoop\l4d_ff_tracker.smx] Detected client Spitter with authenciation BOT
L 08/24/2021 - 17:30:56: [optional\thcoop\l4d_ff_tracker.smx] Detected client Tank with authenciation BOT
L 08/24/2021 - 17:31:06: [optional\thcoop\l4d2_skill_detect.smx] Clear: 3 freed 1 from 5: time: 0.41 / -1.00 -- class: hunter (with shove? 0)
L 08/24/2021 - 17:31:25: [optional\thcoop\l4d_ff_tracker.smx] STEAM_1:1:161269086 => STEAM_1:1:161269086 [Pump Shotgun] [1 DMG]
L 08/24/2021 - 17:31:58: [optional\thcoop\l4d_ff_tracker.smx] Detected client Spitter with authenciation BOT
L 08/24/2021 - 17:31:58: [optional\thcoop\l4d_ff_tracker.smx] Detected client Charger with authenciation BOT
L 08/24/2021 - 17:32:01: [optional\thcoop\l4d_ff_tracker.smx] Detected client Jockey with authenciation BOT
L 08/24/2021 - 17:32:01: [optional\thcoop\l4d2_skill_detect.smx] Charge carry start: 6 - 3 -- time: 234.80
L 08/24/2021 - 17:32:04: [optional\thcoop\l4d2_skill_detect.smx] Checking charge victim: 6 - 3 - flags: 1 (alive? 1)
L 08/24/2021 - 17:32:22: [BugFixes] WitchAttack created for client Tabing010102.
L 08/24/2021 - 17:32:22: [BugFixes] WitchAttack char=2.
L 08/24/2021 - 17:32:22: [BugFixes] WitchAttack created for client Tabing010102.
L 08/24/2021 - 17:32:22: [BugFixes] WitchAttack char=2.
L 08/24/2021 - 17:32:22: [BugFixes] WitchAttack created for client Tabing010102.
L 08/24/2021 - 17:32:22: [BugFixes] WitchAttack char=2.
L 08/24/2021 - 17:32:22: [BugFixes] WitchAttack created for client Tabing010102.
L 08/24/2021 - 17:32:22: [BugFixes] WitchAttack char=2.
L 08/24/2021 - 17:32:22: [BugFixes] WitchAttack created for client Tabing010102.
L 08/24/2021 - 17:32:22: [BugFixes] WitchAttack char=2.
L 08/24/2021 - 17:32:22: [BugFixes] WitchAttack created for client Tabing010102.
L 08/24/2021 - 17:32:22: [BugFixes] WitchAttack char=2.
L 08/24/2021 - 17:32:22: [BugFixes] WitchAttack created for client Tabing010102.
L 08/24/2021 - 17:32:22: [BugFixes] WitchAttack char=2.
L 08/24/2021 - 17:32:22: [BugFixes] WitchAttack created for client Tabing010102.
L 08/24/2021 - 17:32:22: [BugFixes] WitchAttack char=2.
L 08/24/2021 - 17:32:22: [BugFixes] WitchAttack created for client Tabing010102.
L 08/24/2021 - 17:32:22: [BugFixes] WitchAttack char=2.
L 08/24/2021 - 17:32:22: [BugFixes] WitchAttack created for client Tabing010102.
L 08/24/2021 - 17:32:22: [BugFixes] WitchAttack char=2.
L 08/24/2021 - 17:32:23: [optional\thcoop\l4d2_skill_detect.smx] Witch Crown Check: crown shot: 970, harrassed: 1 (full health: 1000 / drawthresh: 500 / oneshot 0)
L 08/24/2021 - 17:32:24: [optional\thcoop\l4d_ff_tracker.smx] Detected client Tank with authenciation BOT
L 08/24/2021 - 17:32:24: [optional\thcoop\l4d_ff_tracker.smx] Detected client (1)Tank with authenciation BOT
L 08/24/2021 - 17:33:15: [BugFixes] WitchAttack created for client Tabing010102.
L 08/24/2021 - 17:33:15: [BugFixes] WitchAttack char=2.
L 08/24/2021 - 17:33:15: [BugFixes] WitchAttack created for client Tabing010102.
L 08/24/2021 - 17:33:15: [BugFixes] WitchAttack char=2.
L 08/24/2021 - 17:33:15: [BugFixes] WitchAttack created for client Tabing010102.
L 08/24/2021 - 17:33:15: [BugFixes] WitchAttack char=2.
L 08/24/2021 - 17:33:15: [BugFixes] WitchAttack created for client Tabing010102.
L 08/24/2021 - 17:33:15: [BugFixes] WitchAttack char=2.
L 08/24/2021 - 17:33:15: [BugFixes] WitchAttack created for client Tabing010102.
L 08/24/2021 - 17:33:15: [BugFixes] WitchAttack char=2.
L 08/24/2021 - 17:33:15: [BugFixes] WitchAttack created for client Tabing010102.
L 08/24/2021 - 17:33:15: [BugFixes] WitchAttack char=2.
L 08/24/2021 - 17:33:15: [BugFixes] WitchAttack created for client Tabing010102.
L 08/24/2021 - 17:33:15: [BugFixes] WitchAttack char=2.
L 08/24/2021 - 17:33:15: [BugFixes] WitchAttack created for client Tabing010102.
L 08/24/2021 - 17:33:15: [BugFixes] WitchAttack char=2.
L 08/24/2021 - 17:33:15: [BugFixes] WitchAttack created for client Tabing010102.
L 08/24/2021 - 17:33:15: [BugFixes] WitchAttack char=2.
L 08/24/2021 - 17:33:15: [BugFixes] WitchAttack created for client Tabing010102.
L 08/24/2021 - 17:33:15: [BugFixes] WitchAttack char=2.
L 08/24/2021 - 17:33:15: [optional\thcoop\l4d2_skill_detect.smx] Witch Crown Check: crown shot: 976, harrassed: 0 (full health: 1000 / drawthresh: 500 / oneshot 1)
L 08/24/2021 - 17:33:38: [optional\thcoop\l4d_ff_tracker.smx] Saving statistics
L 08/24/2021 - 17:33:38: [optional\thcoop\l4d_ff_tracker.smx] Saved FF tracking for STEAM_1:1:161269086
L 08/24/2021 - 17:33:38: [optional\thcoop\l4d_ff_tracker.smx] Saved FF tracking for BOT
L 08/24/2021 - 17:33:50: -------- Mapchange to gunk_wicked_dead --------
L 08/24/2021 - 17:33:52: [optional\thcoop\l4d_ff_tracker.smx] Restoring FF Tracks
L 08/24/2021 - 17:33:52: [optional\thcoop\l4d_ff_tracker.smx] Restored FF tracking for STEAM_1:1:161269086
L 08/24/2021 - 17:33:52: [optional\thcoop\l4d_ff_tracker.smx] Restored FF tracking for BOT
L 08/24/2021 - 17:33:53: [basecommands.smx] "Console<0><Console><Console>" changed cvar (cvar "sv_region") (value "4")
L 08/24/2021 - 17:33:53: [basecommands.smx] "Console<0><Console><Console>" changed cvar (cvar "sv_visiblemaxplayers") (value "12")
L 08/24/2021 - 17:33:53: [basecommands.smx] "Console<0><Console><Console>" changed cvar (cvar "sv_maxplayers") (value "12")
L 08/24/2021 - 17:33:53: [basecommands.smx] "Console<0><Console><Console>" changed cvar (cvar "sv_minrate") (value "100000")
L 08/24/2021 - 17:33:53: [basecommands.smx] "Console<0><Console><Console>" changed cvar (cvar "sv_maxrate") (value "100000")
L 08/24/2021 - 17:33:53: [basecommands.smx] "Console<0><Console><Console>" changed cvar (cvar "sv_minupdaterate") (value "100")
L 08/24/2021 - 17:33:53: [basecommands.smx] "Console<0><Console><Console>" changed cvar (cvar "sv_maxupdaterate") (value "100")
L 08/24/2021 - 17:33:53: [basecommands.smx] "Console<0><Console><Console>" changed cvar (cvar "sv_mincmdrate") (value "100")
L 08/24/2021 - 17:33:53: [basecommands.smx] "Console<0><Console><Console>" changed cvar (cvar "sv_maxcmdrate") (value "100")
L 08/24/2021 - 17:33:53: [basecommands.smx] "Console<0><Console><Console>" changed cvar (cvar "nb_update_frequency") (value "0.01")
L 08/24/2021 - 17:33:53: [basecommands.smx] "Console<0><Console><Console>" changed cvar (cvar "net_splitpacket_maxrate") (value "50000")
L 08/24/2021 - 17:33:53: [basecommands.smx] "Console<0><Console><Console>" changed cvar (cvar "sv_client_min_interp_ratio") (value "-1")
L 08/24/2021 - 17:33:53: [basecommands.smx] "Console<0><Console><Console>" changed cvar (cvar "sv_client_max_interp_ratio") (value "-1")
L 08/24/2021 - 17:33:53: [basecommands.smx] "Console<0><Console><Console>" changed cvar (cvar "tick_door_speed") (value "1.3")
L 08/24/2021 - 17:33:53: [optional\thcoop\l4d_ff_tracker.smx] Detected client Tabing010102 with authenciation STEAM_1:1:161269086
L 08/24/2021 - 17:33:56: [optional\thcoop\l4d_ff_tracker.smx] Detected client Ellis with authenciation BOT
L 08/24/2021 - 17:33:56: [optional\thcoop\l4d_ff_tracker.smx] Detected client Nick with authenciation BOT
L 08/24/2021 - 17:33:56: [optional\thcoop\l4d_ff_tracker.smx] Detected client Rochelle with authenciation BOT
L 08/24/2021 - 17:33:57: [basecommands.smx] "Console<0><Console><Console>" changed cvar (cvar "sv_maxplayers") (value "12")
L 08/24/2021 - 17:33:57: [basecommands.smx] "Console<0><Console><Console>" changed cvar (cvar "sv_visiblemaxplayers") (value "12")
L 08/24/2021 - 17:34:27: [DefibFix] Save player(2) pos: -3475.632324 4744.480469 -25.246815
L 08/24/2021 - 17:34:27: [DefibFix] Save player(4) pos: -3497.017334 4750.569336 -34.607101
L 08/24/2021 - 17:34:29: [DefibFix] Save player(3) pos: -3463.245605 4779.655762 -22.437670
L 08/24/2021 - 17:34:48: [optional\thcoop\l4d_ff_tracker.smx] Detected client Charger with authenciation BOT
L 08/24/2021 - 17:34:49: [optional\thcoop\l4d_ff_tracker.smx] Detected client Smoker with authenciation BOT
L 08/24/2021 - 17:35:02: [optional\thcoop\l4d_ff_tracker.smx] Detected client Spitter with authenciation BOT
L 08/24/2021 - 17:35:33: [optional\thcoop\l4d_ff_tracker.smx] Restoring FF Tracks
L 08/24/2021 - 17:35:33: [optional\thcoop\l4d_ff_tracker.smx] Restored FF tracking for STEAM_1:1:161269086
L 08/24/2021 - 17:35:33: [optional\thcoop\l4d_ff_tracker.smx] Restored FF tracking for BOT
L 08/24/2021 - 17:35:34: [basecommands.smx] "Console<0><Console><Console>" changed cvar (cvar "sv_maxplayers") (value "12")
L 08/24/2021 - 17:35:34: [basecommands.smx] "Console<0><Console><Console>" changed cvar (cvar "sv_visiblemaxplayers") (value "12")
L 08/24/2021 - 17:44:31: [optional\thcoop\l4d_ff_tracker.smx] Detected client Spitter with authenciation BOT
L 08/24/2021 - 17:44:35: [optional\thcoop\l4d_ff_tracker.smx] Detected client Boomer with authenciation BOT
L 08/24/2021 - 17:44:41: [optional\thcoop\l4d_ff_tracker.smx] Detected client Jockey with authenciation BOT
L 08/24/2021 - 17:44:43: [DefibFix] Save player(4) pos: -3500.798584 4773.256348 -35.444035
L 08/24/2021 - 17:45:19: [optional\thcoop\l4d_ff_tracker.smx] Detected client Tank with authenciation BOT
L 08/24/2021 - 17:45:59: [optional\thcoop\l4d_ff_tracker.smx] Detected client Jockey with authenciation BOT
L 08/24/2021 - 17:45:59: [optional\thcoop\l4d_ff_tracker.smx] Detected client Charger with authenciation BOT
L 08/24/2021 - 17:46:08: [optional\thcoop\l4d_ff_tracker.smx] Detected client Smoker with authenciation BOT
L 08/24/2021 - 17:46:18: [optional\thcoop\l4d2_skill_detect.smx] Clear: 2 freed 3 from 7: time: -1.00 / 1.78 -- class: smoker (with shove? 1)
L 08/24/2021 - 17:46:21: [optional\thcoop\l4d_ff_tracker.smx] Detected client Spitter with authenciation BOT
L 08/24/2021 - 17:46:21: [optional\thcoop\l4d_ff_tracker.smx] Detected client (1)Spitter with authenciation BOT
L 08/24/2021 - 17:46:21: [optional\thcoop\l4d_ff_tracker.smx] Detected client (2)Spitter with authenciation BOT
L 08/24/2021 - 17:46:23: [optional\thcoop\l4d_ff_tracker.smx] Detected client (2)Spitter with authenciation BOT
L 08/24/2021 - 17:46:23: [optional\thcoop\l4d_ff_tracker.smx] Detected client (3)Spitter with authenciation BOT
L 08/24/2021 - 17:46:23: [optional\thcoop\l4d_ff_tracker.smx] Detected client (4)Spitter with authenciation BOT
L 08/24/2021 - 17:46:23: [optional\thcoop\l4d_ff_tracker.smx] Detected client (2)Spitter with authenciation BOT
L 08/24/2021 - 17:46:23: [optional\thcoop\l4d_ff_tracker.smx] Detected client (3)Spitter with authenciation BOT
L 08/24/2021 - 17:46:23: [optional\thcoop\l4d_ff_tracker.smx] Detected client (4)Spitter with authenciation BOT
L 08/24/2021 - 17:46:52: Log file closed.
